<?xml version="1.0" encoding="UTF-8"?>
<testng-results ignored="0" total="1" passed="1" failed="0" skipped="0">
  <reporter-output>
  </reporter-output>
  <suite started-at="2022-09-21T17:24:59 IST" name="Default suite" finished-at="2022-09-21T17:24:59 IST" duration-ms="91">
    <groups>
    </groups>
    <test started-at="2022-09-21T17:24:59 IST" name="Default test" finished-at="2022-09-21T17:24:59 IST" duration-ms="91">
      <class name="kumar.cntact">
        <test-method signature="old()[pri:0, instance:kumar.cntact@54c562f7]" started-at="2022-09-21T17:24:59 IST" name="old" finished-at="2022-09-21T17:24:59 IST" duration-ms="18" status="PASS">
          <reporter-output>
          </reporter-output>
        </test-method> <!-- old -->
      </class> <!-- kumar.cntact -->
    </test> <!-- Default test -->
  </suite> <!-- Default suite -->
</testng-results>
